test0820 2 4212 4212 
test0820 1 4212 4212 
test0820 0 4211 4211 
test0820 3 4212 4212 
test0820 4 4213 4213 
test0820 1 4212 4212 
test0820 2 4212 4212 
test0820 0 4211 4211 
test0820 3 4212 4212 
test0820 4 4213 4213 
test0820 1 4212 4212 
test0820 2 4212 4212 
test0820 0 4211 4211 
test0820 3 4212 4212 
test0820 4 4213 4213 
test0820 2 4212 4212 
test0820 1 4212 4212 
test0820 3 4212 4212 
test0820 0 4211 4211 
test0820 4 4213 4213 
test0820 2 4212 4212 
test0820 1 4212 4212 
test0820 3 4212 4212 
test0820 0 4211 4211 
test0820 4 4213 4213 
test0820 1 4212 4212 
test0820 2 4212 4212 
test0820 3 4212 4212 
test0820 0 4211 4211 
test0820 4 4213 4213 
test0820 1 4212 4212 
test0820 2 4212 4212 
test0820 3 4212 4212 
test0820 0 4211 4211 
test0820 4 4213 4213 
test0820 1 4212 4212 
test0820 2 4212 4212 
test0820 0 4211 4211 
test0820 3 4212 4212 
test0820 4 4213 4213 
test0820 2 4212 4212 
test0820 1 4212 4212 
test0820 3 4212 4212 
test0820 0 4211 4211 
test0820 4 4213 4213 
test0820 1 4212 4212 
test0820 2 4212 4212 
test0820 3 4212 4212 
test0820 0 4211 4211 
test0820 4 4213 4213 
